#! /c/Source/iverilog-install/bin/vvp
:ivl_version "12.0 (devel)" "(s20150603-1539-g2693dd32b)";
:ivl_delay_selection "TYPICAL";
:vpi_time_precision - 12;
:vpi_module "C:\iverilog\lib\ivl\system.vpi";
:vpi_module "C:\iverilog\lib\ivl\vhdl_sys.vpi";
:vpi_module "C:\iverilog\lib\ivl\vhdl_textio.vpi";
:vpi_module "C:\iverilog\lib\ivl\v2005_math.vpi";
:vpi_module "C:\iverilog\lib\ivl\va_math.vpi";
:vpi_module "C:\iverilog\lib\ivl\v2009.vpi";
S_0000020a9d273490 .scope package, "$unit" "$unit" 2 1;
 .timescale 0 0;
S_0000020a9d275e50 .scope module, "syncer_tb" "syncer_tb" 3 5;
 .timescale -9 -12;
P_0000020a9d26e220 .param/l "DATA_WIDTH" 1 3 6, C4<00000000000000000000000001011001>;
v0000020a9d2ea9a0_0 .var "clk_in", 0 0;
v0000020a9d2eafe0_0 .var "data_clk_in", 0 0;
v0000020a9d2ea180_0 .var "data_in", 0 0;
v0000020a9d2ea220_0 .var "data_to_send", 88 0;
v0000020a9d2eaae0_0 .net "opponent_data", 88 0, v0000020a9d2ea720_0;  1 drivers
v0000020a9d2ea680_0 .var "player_location", 62 0;
v0000020a9d2ea900_0 .var "player_location_valid", 0 0;
v0000020a9d2eaa40_0 .var "rst_in", 0 0;
v0000020a9d2eacc0_0 .var "sel_in", 0 0;
v0000020a9d2eab80_0 .net "syncer_data_valid", 0 0, v0000020a9d2e9ff0_0;  1 drivers
v0000020a9d2eac20_0 .net "syncer_player_location", 62 0, v0000020a9d2ea400_0;  1 drivers
S_0000020a9d275fe0 .scope begin, "$ivl_for_loop0" "$ivl_for_loop0" 3 59, 3 59 0, S_0000020a9d275e50;
 .timescale -9 -12;
v0000020a9d26c7c0_0 .var/2s "i", 31 0;
S_0000020a9d274000 .scope begin, "$ivl_for_loop1" "$ivl_for_loop1" 3 91, 3 91 0, S_0000020a9d275e50;
 .timescale -9 -12;
v0000020a9d26c860_0 .var/2s "i", 31 0;
S_0000020a9d28b6f0 .scope begin, "$ivl_for_loop2" "$ivl_for_loop2" 3 110, 3 110 0, S_0000020a9d275e50;
 .timescale -9 -12;
v0000020a9d274190_0 .var/2s "i", 31 0;
S_0000020a9d28b880 .scope module, "syncer_inst" "syncer" 3 26, 4 5 0, S_0000020a9d275e50;
 .timescale -9 -12;
    .port_info 0 /INPUT 1 "clk_pixel_in";
    .port_info 1 /INPUT 1 "rst_in";
    .port_info 2 /INPUT 63 "location_in";
    .port_info 3 /INPUT 1 "location_in_valid";
    .port_info 4 /INPUT 1 "data_in";
    .port_info 5 /INPUT 1 "data_clk_in";
    .port_info 6 /INPUT 1 "sel_in";
    .port_info 7 /OUTPUT 63 "player_location_out";
    .port_info 8 /OUTPUT 89 "opponent_data_out";
    .port_info 9 /OUTPUT 1 "data_out_valid";
v0000020a9d2e9e10_0 .net "clk_pixel_in", 0 0, v0000020a9d2ea9a0_0;  1 drivers
v0000020a9d2e9eb0_0 .net "data_clk_in", 0 0, v0000020a9d2eafe0_0;  1 drivers
v0000020a9d2e9f50_0 .net "data_in", 0 0, v0000020a9d2ea180_0;  1 drivers
v0000020a9d2e9ff0_0 .var "data_out_valid", 0 0;
v0000020a9d2ea540_0 .net "location_in", 62 0, v0000020a9d2ea680_0;  1 drivers
v0000020a9d2ea2c0_0 .net "location_in_valid", 0 0, v0000020a9d2ea900_0;  1 drivers
v0000020a9d2ea360_0 .net "opponent_data", 88 0, v0000020a9d2e9af0_0;  1 drivers
v0000020a9d2ea720_0 .var "opponent_data_out", 88 0;
v0000020a9d2ea5e0_0 .var "opponent_data_received", 0 0;
v0000020a9d2ea0e0_0 .net "opponent_data_valid", 0 0, v0000020a9d2e9b90_0;  1 drivers
v0000020a9d2eaf40_0 .var "player_location", 62 0;
v0000020a9d2ea400_0 .var "player_location_out", 62 0;
v0000020a9d2ea4a0_0 .var "player_location_received", 0 0;
v0000020a9d2ea7c0_0 .net "rst_in", 0 0, v0000020a9d2eaa40_0;  1 drivers
v0000020a9d2ea860_0 .net "sel_in", 0 0, v0000020a9d2eacc0_0;  1 drivers
S_0000020a9d2e98c0 .scope module, "spi_rx_inst" "spi_rx" 4 26, 5 3 0, S_0000020a9d28b880;
 .timescale -9 -12;
    .port_info 0 /INPUT 1 "clk_in";
    .port_info 1 /INPUT 1 "rst_in";
    .port_info 2 /INPUT 1 "data_in";
    .port_info 3 /INPUT 1 "data_clk_in";
    .port_info 4 /INPUT 1 "sel_in";
    .port_info 5 /OUTPUT 89 "data_out";
    .port_info 6 /OUTPUT 1 "new_data_out";
P_0000020a9d26ee20 .param/l "DATA_WIDTH" 0 5 4, C4<00000000000000000000000001011001>;
v0000020a9d28bac0_0 .var "ch", 6 0;
v0000020a9d276170_0 .net "clk_in", 0 0, v0000020a9d2ea9a0_0;  alias, 1 drivers
v0000020a9d276210_0 .net "data_clk_in", 0 0, v0000020a9d2eafe0_0;  alias, 1 drivers
v0000020a9d2e9a50_0 .net "data_in", 0 0, v0000020a9d2ea180_0;  alias, 1 drivers
v0000020a9d2e9af0_0 .var "data_out", 88 0;
v0000020a9d2e9b90_0 .var "new_data_out", 0 0;
v0000020a9d2e9c30_0 .var "prev", 0 0;
v0000020a9d2e9cd0_0 .net "rst_in", 0 0, v0000020a9d2eaa40_0;  alias, 1 drivers
v0000020a9d2e9d70_0 .net "sel_in", 0 0, v0000020a9d2eacc0_0;  alias, 1 drivers
E_0000020a9d26e920 .event posedge, v0000020a9d276170_0;
    .scope S_0000020a9d2e98c0;
T_0 ;
    %pushi/vec4 88, 0, 7;
    %store/vec4 v0000020a9d28bac0_0, 0, 7;
    %end;
    .thread T_0, $init;
    .scope S_0000020a9d2e98c0;
T_1 ;
    %wait E_0000020a9d26e920;
    %load/vec4 v0000020a9d2e9cd0_0;
    %flag_set/vec4 8;
    %jmp/0xz  T_1.0, 8;
    %pushi/vec4 88, 0, 7;
    %assign/vec4 v0000020a9d28bac0_0, 0;
    %pushi/vec4 0, 0, 1;
    %assign/vec4 v0000020a9d2e9b90_0, 0;
    %jmp T_1.1;
T_1.0 ;
    %load/vec4 v0000020a9d2e9d70_0;
    %pad/u 32;
    %cmpi/e 0, 0, 32;
    %jmp/0xz  T_1.2, 4;
    %load/vec4 v0000020a9d2e9c30_0;
    %pad/u 32;
    %cmpi/e 0, 0, 32;
    %flag_get/vec4 4;
    %jmp/0 T_1.6, 4;
    %load/vec4 v0000020a9d276210_0;
    %pad/u 32;
    %pushi/vec4 1, 0, 32;
    %cmp/e;
    %flag_get/vec4 4;
    %and;
T_1.6;
    %flag_set/vec4 8;
    %jmp/0xz  T_1.4, 8;
    %load/vec4 v0000020a9d2e9a50_0;
    %ix/load 5, 0, 0;
    %ix/getv 4, v0000020a9d28bac0_0;
    %assign/vec4/off/d v0000020a9d2e9af0_0, 4, 5;
    %load/vec4 v0000020a9d28bac0_0;
    %pad/u 32;
    %cmpi/e 0, 0, 32;
    %jmp/0xz  T_1.7, 4;
    %pushi/vec4 1, 0, 1;
    %assign/vec4 v0000020a9d2e9b90_0, 0;
    %pushi/vec4 88, 0, 7;
    %assign/vec4 v0000020a9d28bac0_0, 0;
    %jmp T_1.8;
T_1.7 ;
    %load/vec4 v0000020a9d28bac0_0;
    %subi 1, 0, 7;
    %assign/vec4 v0000020a9d28bac0_0, 0;
    %pushi/vec4 0, 0, 1;
    %assign/vec4 v0000020a9d2e9b90_0, 0;
T_1.8 ;
T_1.4 ;
    %jmp T_1.3;
T_1.2 ;
    %pushi/vec4 0, 0, 1;
    %assign/vec4 v0000020a9d2e9b90_0, 0;
T_1.3 ;
    %load/vec4 v0000020a9d276210_0;
    %assign/vec4 v0000020a9d2e9c30_0, 0;
T_1.1 ;
    %jmp T_1;
    .thread T_1;
    .scope S_0000020a9d28b880;
T_2 ;
    %wait E_0000020a9d26e920;
    %load/vec4 v0000020a9d2ea7c0_0;
    %flag_set/vec4 8;
    %jmp/0xz  T_2.0, 8;
    %pushi/vec4 0, 0, 1;
    %assign/vec4 v0000020a9d2ea4a0_0, 0;
    %pushi/vec4 0, 0, 1;
    %assign/vec4 v0000020a9d2ea5e0_0, 0;
    %pushi/vec4 0, 0, 63;
    %assign/vec4 v0000020a9d2eaf40_0, 0;
    %pushi/vec4 0, 0, 1;
    %assign/vec4 v0000020a9d2e9ff0_0, 0;
    %jmp T_2.1;
T_2.0 ;
    %load/vec4 v0000020a9d2ea4a0_0;
    %flag_set/vec4 9;
    %flag_get/vec4 9;
    %jmp/0 T_2.4, 9;
    %load/vec4 v0000020a9d2ea5e0_0;
    %and;
T_2.4;
    %flag_set/vec4 8;
    %jmp/0xz  T_2.2, 8;
    %pushi/vec4 1, 0, 1;
    %assign/vec4 v0000020a9d2e9ff0_0, 0;
    %load/vec4 v0000020a9d2eaf40_0;
    %assign/vec4 v0000020a9d2ea400_0, 0;
    %load/vec4 v0000020a9d2ea360_0;
    %assign/vec4 v0000020a9d2ea720_0, 0;
    %pushi/vec4 0, 0, 1;
    %assign/vec4 v0000020a9d2ea4a0_0, 0;
    %pushi/vec4 0, 0, 1;
    %assign/vec4 v0000020a9d2ea5e0_0, 0;
    %jmp T_2.3;
T_2.2 ;
    %load/vec4 v0000020a9d2ea4a0_0;
    %flag_set/vec4 8;
    %jmp/0xz  T_2.5, 8;
    %load/vec4 v0000020a9d2ea0e0_0;
    %flag_set/vec4 8;
    %jmp/0xz  T_2.7, 8;
    %pushi/vec4 1, 0, 1;
    %assign/vec4 v0000020a9d2ea5e0_0, 0;
T_2.7 ;
    %pushi/vec4 0, 0, 1;
    %assign/vec4 v0000020a9d2e9ff0_0, 0;
    %jmp T_2.6;
T_2.5 ;
    %load/vec4 v0000020a9d2ea0e0_0;
    %flag_set/vec4 8;
    %jmp/0xz  T_2.9, 8;
    %pushi/vec4 1, 0, 1;
    %assign/vec4 v0000020a9d2ea5e0_0, 0;
T_2.9 ;
    %load/vec4 v0000020a9d2ea2c0_0;
    %flag_set/vec4 8;
    %jmp/0xz  T_2.11, 8;
    %pushi/vec4 1, 0, 1;
    %assign/vec4 v0000020a9d2ea4a0_0, 0;
    %load/vec4 v0000020a9d2ea540_0;
    %assign/vec4 v0000020a9d2eaf40_0, 0;
T_2.11 ;
    %pushi/vec4 0, 0, 1;
    %assign/vec4 v0000020a9d2e9ff0_0, 0;
T_2.6 ;
T_2.3 ;
T_2.1 ;
    %jmp T_2;
    .thread T_2;
    .scope S_0000020a9d275e50;
T_3 ;
    %delay 5000, 0;
    %load/vec4 v0000020a9d2ea9a0_0;
    %nor/r;
    %store/vec4 v0000020a9d2ea9a0_0, 0, 1;
    %jmp T_3;
    .thread T_3;
    .scope S_0000020a9d275e50;
T_4 ;
    %vpi_call/w 3 45 "$dumpfile", "syncer.vcd" {0 0 0};
    %vpi_call/w 3 46 "$dumpvars", 32'sb00000000000000000000000000000000, S_0000020a9d275e50 {0 0 0};
    %vpi_call/w 3 47 "$display", "Starting Sim" {0 0 0};
    %pushi/vec4 0, 0, 1;
    %store/vec4 v0000020a9d2ea9a0_0, 0, 1;
    %pushi/vec4 0, 0, 1;
    %store/vec4 v0000020a9d2eaa40_0, 0, 1;
    %pushi/vec4 1, 0, 1;
    %store/vec4 v0000020a9d2eacc0_0, 0, 1;
    %delay 10000, 0;
    %pushi/vec4 1, 0, 1;
    %store/vec4 v0000020a9d2eaa40_0, 0, 1;
    %delay 10000, 0;
    %pushi/vec4 0, 0, 1;
    %store/vec4 v0000020a9d2eaa40_0, 0, 1;
    %delay 10000, 0;
    %pushi/vec4 0, 0, 1;
    %store/vec4 v0000020a9d2eacc0_0, 0, 1;
    %pushi/vec4 0, 0, 1;
    %store/vec4 v0000020a9d2ea900_0, 0, 1;
    %pushi/vec4 2693180155, 0, 32;
    %concati/vec4 3937228117, 0, 32;
    %concati/vec4 9786709, 0, 25;
    %store/vec4 v0000020a9d2ea220_0, 0, 89;
    %fork t_1, S_0000020a9d275fe0;
    %jmp t_0;
    .scope S_0000020a9d275fe0;
t_1 ;
    %pushi/vec4 0, 0, 32;
    %store/vec4 v0000020a9d26c7c0_0, 0, 32;
T_4.0 ;
    %load/vec4 v0000020a9d26c7c0_0;
    %cmpi/u 89, 0, 32;
    %jmp/0xz T_4.1, 5;
    %pushi/vec4 0, 0, 1;
    %store/vec4 v0000020a9d2eafe0_0, 0, 1;
    %load/vec4 v0000020a9d2ea220_0;
    %pushi/vec4 88, 0, 32;
    %load/vec4 v0000020a9d26c7c0_0;
    %sub;
    %part/u 1;
    %store/vec4 v0000020a9d2ea180_0, 0, 1;
    %delay 500000, 0;
    %load/vec4 v0000020a9d26c7c0_0;
    %cmpi/e 15, 0, 32;
    %jmp/0xz  T_4.2, 4;
    %pushi/vec4 1, 0, 1;
    %store/vec4 v0000020a9d2eafe0_0, 0, 1;
    %delay 230000, 0;
    %pushi/vec4 1, 0, 1;
    %store/vec4 v0000020a9d2ea900_0, 0, 1;
    %pushi/vec4 3829389087, 0, 32;
    %concati/vec4 733304149, 0, 31;
    %store/vec4 v0000020a9d2ea680_0, 0, 63;
    %delay 10000, 0;
    %pushi/vec4 0, 0, 1;
    %store/vec4 v0000020a9d2ea900_0, 0, 1;
    %delay 260000, 0;
    %jmp T_4.3;
T_4.2 ;
    %pushi/vec4 1, 0, 1;
    %store/vec4 v0000020a9d2eafe0_0, 0, 1;
    %delay 500000, 0;
T_4.3 ;
    %load/vec4 v0000020a9d26c7c0_0;
    %addi 1, 0, 32;
    %cast2;
    %store/vec4 v0000020a9d26c7c0_0, 0, 32;
    %jmp T_4.0;
T_4.1 ;
    %end;
    .scope S_0000020a9d275e50;
t_0 %join;
    %pushi/vec4 1, 0, 1;
    %store/vec4 v0000020a9d2eacc0_0, 0, 1;
    %delay 100000, 0;
    %delay 10000, 0;
    %pushi/vec4 1, 0, 1;
    %store/vec4 v0000020a9d2eaa40_0, 0, 1;
    %delay 10000, 0;
    %pushi/vec4 0, 0, 1;
    %store/vec4 v0000020a9d2eaa40_0, 0, 1;
    %delay 10000, 0;
    %pushi/vec4 1, 0, 1;
    %store/vec4 v0000020a9d2ea900_0, 0, 1;
    %pushi/vec4 2281366506, 0, 37;
    %concati/vec4 62215509, 0, 26;
    %store/vec4 v0000020a9d2ea680_0, 0, 63;
    %delay 10000, 0;
    %pushi/vec4 0, 0, 1;
    %store/vec4 v0000020a9d2eacc0_0, 0, 1;
    %pushi/vec4 0, 0, 1;
    %store/vec4 v0000020a9d2ea900_0, 0, 1;
    %pushi/vec4 2746657531, 0, 32;
    %concati/vec4 3937228117, 0, 32;
    %concati/vec4 9786709, 0, 25;
    %store/vec4 v0000020a9d2ea220_0, 0, 89;
    %fork t_3, S_0000020a9d274000;
    %jmp t_2;
    .scope S_0000020a9d274000;
t_3 ;
    %pushi/vec4 0, 0, 32;
    %store/vec4 v0000020a9d26c860_0, 0, 32;
T_4.4 ;
    %load/vec4 v0000020a9d26c860_0;
    %cmpi/u 89, 0, 32;
    %jmp/0xz T_4.5, 5;
    %pushi/vec4 0, 0, 1;
    %store/vec4 v0000020a9d2eafe0_0, 0, 1;
    %load/vec4 v0000020a9d2ea220_0;
    %pushi/vec4 88, 0, 32;
    %load/vec4 v0000020a9d26c860_0;
    %sub;
    %part/u 1;
    %store/vec4 v0000020a9d2ea180_0, 0, 1;
    %delay 500000, 0;
    %pushi/vec4 1, 0, 1;
    %store/vec4 v0000020a9d2eafe0_0, 0, 1;
    %delay 500000, 0;
    %load/vec4 v0000020a9d26c860_0;
    %addi 1, 0, 32;
    %cast2;
    %store/vec4 v0000020a9d26c860_0, 0, 32;
    %jmp T_4.4;
T_4.5 ;
    %end;
    .scope S_0000020a9d275e50;
t_2 %join;
    %pushi/vec4 1, 0, 1;
    %store/vec4 v0000020a9d2eacc0_0, 0, 1;
    %delay 100000, 0;
    %delay 10000, 0;
    %pushi/vec4 1, 0, 1;
    %store/vec4 v0000020a9d2eaa40_0, 0, 1;
    %delay 10000, 0;
    %pushi/vec4 0, 0, 1;
    %store/vec4 v0000020a9d2eaa40_0, 0, 1;
    %delay 10000, 0;
    %pushi/vec4 0, 0, 1;
    %store/vec4 v0000020a9d2eacc0_0, 0, 1;
    %pushi/vec4 0, 0, 1;
    %store/vec4 v0000020a9d2ea900_0, 0, 1;
    %pushi/vec4 2693180155, 0, 32;
    %concati/vec4 3722095274, 0, 33;
    %concati/vec4 9786709, 0, 24;
    %store/vec4 v0000020a9d2ea220_0, 0, 89;
    %fork t_5, S_0000020a9d28b6f0;
    %jmp t_4;
    .scope S_0000020a9d28b6f0;
t_5 ;
    %pushi/vec4 0, 0, 32;
    %store/vec4 v0000020a9d274190_0, 0, 32;
T_4.6 ;
    %load/vec4 v0000020a9d274190_0;
    %cmpi/u 89, 0, 32;
    %jmp/0xz T_4.7, 5;
    %pushi/vec4 0, 0, 1;
    %store/vec4 v0000020a9d2eafe0_0, 0, 1;
    %load/vec4 v0000020a9d2ea220_0;
    %pushi/vec4 88, 0, 32;
    %load/vec4 v0000020a9d274190_0;
    %sub;
    %part/u 1;
    %store/vec4 v0000020a9d2ea180_0, 0, 1;
    %delay 500000, 0;
    %pushi/vec4 1, 0, 1;
    %store/vec4 v0000020a9d2eafe0_0, 0, 1;
    %delay 500000, 0;
    %load/vec4 v0000020a9d274190_0;
    %addi 1, 0, 32;
    %cast2;
    %store/vec4 v0000020a9d274190_0, 0, 32;
    %jmp T_4.6;
T_4.7 ;
    %end;
    .scope S_0000020a9d275e50;
t_4 %join;
    %pushi/vec4 1, 0, 1;
    %store/vec4 v0000020a9d2eacc0_0, 0, 1;
    %delay 10000, 0;
    %pushi/vec4 1, 0, 1;
    %store/vec4 v0000020a9d2ea900_0, 0, 1;
    %pushi/vec4 2868883006, 0, 33;
    %concati/vec4 733304149, 0, 30;
    %store/vec4 v0000020a9d2ea680_0, 0, 63;
    %delay 100000, 0;
    %vpi_call/w 3 124 "$display", "Finishing Sim" {0 0 0};
    %vpi_call/w 3 125 "$finish" {0 0 0};
    %end;
    .thread T_4;
# The file index is used to find the file name in the following table.
:file_names 6;
    "N/A";
    "<interactive>";
    "-";
    "sim/syncer_tb.sv";
    "hdl/syncer.sv";
    "hdl/spi_rx.sv";
